<?xml version="1.0" encoding="UTF-8"?>
<!-- Generated by org.testng.reporters.JUnitReportReporter -->
<testsuite skipped="0" hostname="DESKTOP-EBKSMHA" name="P_2_BasicActionCommands_02.EnableDisableElement" tests="1" failures="0" timestamp="09 Oct 2018 02:54:19 GMT" time="7.221" errors="0">
  <testcase name="test" time="7.221" classname="P_2_BasicActionCommands_02.EnableDisableElement"/>
</testsuite> <!-- P_2_BasicActionCommands_02.EnableDisableElement -->
