<?xml version="1.0" encoding="UTF-8"?>
<!-- Generated by org.testng.reporters.JUnitReportReporter -->
<testsuite skipped="0" hostname="DESKTOP-EBKSMHA" name="openBrowsers.openFirefox" tests="1" failures="0" timestamp="17 Sep 2018 12:17:46 GMT" time="8.538" errors="0">
  <testcase name="testmethodone" time="8.538" classname="openBrowsers.openFirefox"/>
</testsuite> <!-- openBrowsers.openFirefox -->
