<?xml version="1.0" encoding="UTF-8"?>
<!-- Generated by org.testng.reporters.JUnitReportReporter -->
<testsuite skipped="0" hostname="DESKTOP-EBKSMHA" name="LocatingWebElement.ByLink" tests="1" failures="0" timestamp="17 Sep 2018 15:08:02 GMT" time="1.660" errors="0">
  <testcase name="test" time="1.660" classname="LocatingWebElement.ByLink"/>
</testsuite> <!-- LocatingWebElement.ByLink -->
