<?xml version="1.0" encoding="UTF-8"?>
<!-- Generated by org.testng.reporters.JUnitReportReporter -->
<testsuite skipped="0" hostname="DESKTOP-EBKSMHA" name="LocatingWebElement.bycssSelector" tests="1" failures="0" timestamp="17 Sep 2018 21:22:39 GMT" time="0.102" errors="0">
  <testcase name="test" time="0.102" classname="LocatingWebElement.bycssSelector"/>
</testsuite> <!-- LocatingWebElement.bycssSelector -->
