<?xml version="1.0" encoding="UTF-8"?>
<!-- Generated by org.testng.reporters.JUnitReportReporter -->
<testsuite skipped="0" hostname="DESKTOP-EBKSMHA" name="OtherExample.objectPropertiesFile" tests="1" failures="0" timestamp="24 Sep 2018 16:18:03 GMT" time="11.423" errors="0">
  <testcase name="Calc_Operations" time="11.423" classname="OtherExample.objectPropertiesFile"/>
</testsuite> <!-- OtherExample.objectPropertiesFile -->
