<?xml version="1.0" encoding="UTF-8"?>
<!-- Generated by org.testng.reporters.JUnitReportReporter -->
<testsuite skipped="0" hostname="DESKTOP-EBKSMHA" name="P_2_BasicActionCommands_02.ClickingOnButton" tests="1" failures="0" timestamp="09 Oct 2018 00:50:24 GMT" time="8.015" errors="0">
  <testcase name="test" time="8.015" classname="P_2_BasicActionCommands_02.ClickingOnButton"/>
</testsuite> <!-- P_2_BasicActionCommands_02.ClickingOnButton -->
