<?xml version="1.0" encoding="UTF-8"?>
<!-- Generated by org.testng.reporters.JUnitReportReporter -->
<testsuite skipped="0" hostname="DESKTOP-EBKSMHA" name="OtherExample.ExtractAllTextBox" tests="1" failures="0" timestamp="24 Sep 2018 16:39:07 GMT" time="5.791" errors="0">
  <testcase name="Text" time="5.791" classname="OtherExample.ExtractAllTextBox"/>
</testsuite> <!-- OtherExample.ExtractAllTextBox -->
