<?xml version="1.0" encoding="UTF-8"?>
<!-- Generated by org.testng.reporters.JUnitReportReporter -->
<testsuite skipped="0" hostname="DESKTOP-EBKSMHA" name="webDriverBasicActionCommands.ExecutingJavascript" tests="1" failures="0" timestamp="08 Oct 2018 22:34:05 GMT" time="0.046" errors="0">
  <testcase name="test" time="0.046" classname="webDriverBasicActionCommands.ExecutingJavascript"/>
</testsuite> <!-- webDriverBasicActionCommands.ExecutingJavascript -->
