<?xml version="1.0" encoding="UTF-8"?>
<!-- Generated by org.testng.reporters.JUnitReportReporter -->
<testsuite skipped="0" hostname="DESKTOP-EBKSMHA" name="P_2_BasicActionCommands_02.HandlingMultipleWindows" tests="1" failures="0" timestamp="09 Oct 2018 02:48:08 GMT" time="24.411" errors="0">
  <testcase name="test" time="24.411" classname="P_2_BasicActionCommands_02.HandlingMultipleWindows"/>
</testsuite> <!-- P_2_BasicActionCommands_02.HandlingMultipleWindows -->
