<?xml version="1.0" encoding="UTF-8"?>
<!-- Generated by org.testng.reporters.JUnitReportReporter -->
<testsuite skipped="0" hostname="DESKTOP-EBKSMHA" name="LocatingWebElement.ByName" tests="1" failures="0" timestamp="17 Sep 2018 15:03:12 GMT" time="0.118" errors="0">
  <testcase name="test" time="0.118" classname="LocatingWebElement.ByName"/>
</testsuite> <!-- LocatingWebElement.ByName -->
