<?xml version="1.0" encoding="UTF-8"?>
<!-- Generated by org.testng.reporters.JUnitReportReporter -->
<testsuite skipped="0" hostname="DESKTOP-EBKSMHA" name="P_2_BasicActionCommands_02.HighlightingElement" tests="1" failures="0" timestamp="09 Oct 2018 03:14:43 GMT" time="8.644" errors="0">
  <testcase name="test" time="8.644" classname="P_2_BasicActionCommands_02.HighlightingElement"/>
</testsuite> <!-- P_2_BasicActionCommands_02.HighlightingElement -->
