<?xml version="1.0" encoding="UTF-8"?>
<!-- Generated by org.testng.reporters.JUnitReportReporter -->
<testsuite skipped="0" hostname="DESKTOP-EBKSMHA" name="P_2_BasicActionCommands_02.GetCurrentPageURL" tests="1" failures="0" timestamp="09 Oct 2018 01:30:44 GMT" time="0.081" errors="0">
  <testcase name="test" time="0.081" classname="P_2_BasicActionCommands_02.GetCurrentPageURL"/>
</testsuite> <!-- P_2_BasicActionCommands_02.GetCurrentPageURL -->
