<?xml version="1.0" encoding="UTF-8"?>
<!-- Generated by org.testng.reporters.JUnitReportReporter -->
<testsuite skipped="0" hostname="DESKTOP-EBKSMHA" name="openBrowsers.openIEwithTestNG" tests="1" failures="0" timestamp="17 Sep 2018 13:36:09 GMT" time="11.864" errors="0">
  <testcase name="testmethodone" time="11.864" classname="openBrowsers.openIEwithTestNG"/>
</testsuite> <!-- openBrowsers.openIEwithTestNG -->
