<?xml version="1.0" encoding="UTF-8"?>
<!-- Generated by org.testng.reporters.JUnitReportReporter -->
<testsuite skipped="0" hostname="DESKTOP-EBKSMHA" name="OtherExample.GeneratingLog" tests="1" failures="0" timestamp="24 Sep 2018 16:06:52 GMT" time="15.045" errors="0">
  <testcase name="test" time="15.045" classname="OtherExample.GeneratingLog"/>
</testsuite> <!-- OtherExample.GeneratingLog -->
