<?xml version="1.0" encoding="UTF-8"?>
<!-- Generated by org.testng.reporters.JUnitReportReporter -->
<testsuite skipped="0" hostname="DESKTOP-EBKSMHA" name="webDriverBasicActionCommands.Submit" tests="1" failures="0" timestamp="09 Oct 2018 00:55:16 GMT" time="0.735" errors="0">
  <testcase name="LogIn_Test" time="0.735" classname="webDriverBasicActionCommands.Submit"/>
</testsuite> <!-- webDriverBasicActionCommands.Submit -->
