<?xml version="1.0" encoding="UTF-8"?>
<!-- Generated by org.testng.reporters.JUnitReportReporter -->
<testsuite skipped="0" hostname="DESKTOP-EBKSMHA" name="P_2_BasicActionCommands_02.HandleUnexpectedAlert" tests="1" failures="0" timestamp="09 Oct 2018 03:06:18 GMT" time="0.520" errors="0">
  <testcase name="Text" time="0.520" classname="P_2_BasicActionCommands_02.HandleUnexpectedAlert"/>
</testsuite> <!-- P_2_BasicActionCommands_02.HandleUnexpectedAlert -->
