<?xml version="1.0" encoding="UTF-8"?>
<!-- Generated by org.testng.reporters.JUnitReportReporter -->
<testsuite skipped="0" hostname="DESKTOP-EBKSMHA" name="webDriverBasicActionCommands.HandlingMultipuleWindows" tests="1" failures="0" timestamp="08 Oct 2018 22:53:58 GMT" time="24.227" errors="0">
  <testcase name="test" time="24.227" classname="webDriverBasicActionCommands.HandlingMultipuleWindows"/>
</testsuite> <!-- webDriverBasicActionCommands.HandlingMultipuleWindows -->
