<?xml version="1.0" encoding="UTF-8"?>
<!-- Generated by org.testng.reporters.JUnitReportReporter -->
<testsuite skipped="0" hostname="DESKTOP-EBKSMHA" name="OtherExample.ExtractingReadingTableData" tests="1" failures="0" timestamp="24 Sep 2018 16:44:21 GMT" time="0.665" errors="0">
  <testcase name="print_data" time="0.665" classname="OtherExample.ExtractingReadingTableData"/>
</testsuite> <!-- OtherExample.ExtractingReadingTableData -->
