<?xml version="1.0" encoding="UTF-8"?>
<!-- Generated by org.testng.reporters.JUnitReportReporter -->
<testsuite skipped="0" hostname="DESKTOP-EBKSMHA" name="Wait.waitForText" tests="1" failures="0" timestamp="17 Sep 2018 22:35:16 GMT" time="10.273" errors="0">
  <testcase name="test" time="10.273" classname="Wait.waitForText"/>
</testsuite> <!-- Wait.waitForText -->
