<?xml version="1.0" encoding="UTF-8"?>
<!-- Generated by org.testng.reporters.JUnitReportReporter -->
<testsuite skipped="0" hostname="DESKTOP-EBKSMHA" name="LocatingWebElement.bylassName" tests="1" failures="0" timestamp="17 Sep 2018 14:24:39 GMT" time="0.076" errors="0">
  <testcase name="test" time="0.076" classname="LocatingWebElement.bylassName"/>
</testsuite> <!-- LocatingWebElement.bylassName -->
