<?xml version="1.0" encoding="UTF-8"?>
<!-- Generated by org.testng.reporters.JUnitReportReporter -->
<testsuite skipped="0" hostname="DESKTOP-EBKSMHA" name="P_2_BasicActionCommands_02.OpeningAndMaximizingFirefoxBrowserAndOpeningURL" tests="1" failures="0" timestamp="08 Oct 2018 23:36:17 GMT" time="0.116" errors="0">
  <testcase name="test" time="0.116" classname="P_2_BasicActionCommands_02.OpeningAndMaximizingFirefoxBrowserAndOpeningURL"/>
</testsuite> <!-- P_2_BasicActionCommands_02.OpeningAndMaximizingFirefoxBrowserAndOpeningURL -->
