<?xml version="1.0" encoding="UTF-8"?>
<!-- Generated by org.testng.reporters.JUnitReportReporter -->
<testsuite skipped="0" hostname="DESKTOP-EBKSMHA" name="P_2_BasicActionCommands_02.HandlingAlertConfirmationandPromptpopup" tests="1" failures="0" timestamp="09 Oct 2018 03:02:01 GMT" time="6.557" errors="0">
  <testcase name="Text" time="6.557" classname="P_2_BasicActionCommands_02.HandlingAlertConfirmationandPromptpopup"/>
</testsuite> <!-- P_2_BasicActionCommands_02.HandlingAlertConfirmationandPromptpopup -->
