<?xml version="1.0" encoding="UTF-8"?>
<!-- Generated by org.testng.reporters.JUnitReportReporter -->
<testsuite skipped="0" hostname="DESKTOP-EBKSMHA" name="webDriverBasicActionCommands.deselectOptionByVisibleTextOrValueOrByIndex" tests="1" failures="0" timestamp="08 Oct 2018 22:12:10 GMT" time="11.556" errors="0">
  <testcase name="test" time="11.556" classname="webDriverBasicActionCommands.deselectOptionByVisibleTextOrValueOrByIndex"/>
</testsuite> <!-- webDriverBasicActionCommands.deselectOptionByVisibleTextOrValueOrByIndex -->
