<?xml version="1.0" encoding="UTF-8"?>
<!-- Generated by org.testng.reporters.JUnitReportReporter -->
<testsuite skipped="0" hostname="DESKTOP-EBKSMHA" name="Wait.waitForElementVisible" tests="1" failures="0" timestamp="18 Sep 2018 01:41:41 GMT" time="13.133" errors="0">
  <testcase name="test" time="13.133" classname="Wait.waitForElementVisible"/>
</testsuite> <!-- Wait.waitForElementVisible -->
