<?xml version="1.0" encoding="UTF-8"?>
<!-- Generated by org.testng.reporters.JUnitReportReporter -->
<testsuite skipped="0" hostname="DESKTOP-EBKSMHA" name="webDriverBasicActionCommands.enableDisableTextbox" tests="1" failures="0" timestamp="08 Oct 2018 22:29:28 GMT" time="7.222" errors="0">
  <testcase name="test" time="7.222" classname="webDriverBasicActionCommands.enableDisableTextbox"/>
</testsuite> <!-- webDriverBasicActionCommands.enableDisableTextbox -->
