<?xml version="1.0" encoding="UTF-8"?>
<!-- Generated by org.testng.reporters.JUnitReportReporter -->
<testsuite skipped="0" hostname="DESKTOP-EBKSMHA" name="AravindPartTwo.Wait.waitForElement" tests="1" failures="0" timestamp="17 Sep 2018 22:08:16 GMT" time="9.171" errors="0">
  <testcase name="test" time="9.171" classname="AravindPartTwo.Wait.waitForElement"/>
</testsuite> <!-- AravindPartTwo.Wait.waitForElement -->
