<?xml version="1.0" encoding="UTF-8"?>
<!-- Generated by org.testng.reporters.JUnitReportReporter -->
<testsuite skipped="0" hostname="DESKTOP-EBKSMHA" name="P_2_BasicActionCommands_02.GeneratingMouseHoverEvent" tests="1" failures="0" timestamp="09 Oct 2018 02:37:08 GMT" time="2.420" errors="0">
  <testcase name="test" time="2.420" classname="P_2_BasicActionCommands_02.GeneratingMouseHoverEvent"/>
</testsuite> <!-- P_2_BasicActionCommands_02.GeneratingMouseHoverEvent -->
