<?xml version="1.0" encoding="UTF-8"?>
<!-- Generated by org.testng.reporters.JUnitReportReporter -->
<testsuite skipped="0" hostname="DESKTOP-EBKSMHA" name="TestNG.classTwo" tests="1" failures="0" timestamp="18 Sep 2018 04:40:39 GMT" time="1.098" errors="0">
  <testcase name="testmethodone" time="1.098" classname="TestNG.classTwo"/>
</testsuite> <!-- TestNG.classTwo -->
