<?xml version="1.0" encoding="UTF-8"?>
<!-- Generated by org.testng.reporters.JUnitReportReporter -->
<testsuite skipped="0" hostname="DESKTOP-EBKSMHA" name="TestNGThreePack.ClassTwo" tests="2" failures="0" timestamp="24 Sep 2018 04:05:12 GMT" time="2.619" errors="0">
  <testcase name="testmethodone" time="1.324" classname="TestNGThreePack.ClassTwo"/>
  <testcase name="testmethodone" time="1.295" classname="TestNGThreePack.ClassTwo"/>
</testsuite> <!-- TestNGThreePack.ClassTwo -->
