<?xml version="1.0" encoding="UTF-8"?>
<!-- Generated by org.testng.reporters.JUnitReportReporter -->
<testsuite skipped="0" hostname="DESKTOP-EBKSMHA" name="By.byID" tests="1" failures="0" timestamp="17 Sep 2018 14:43:32 GMT" time="11.142" errors="0">
  <testcase name="test" time="11.142" classname="By.byID"/>
</testsuite> <!-- By.byID -->
