<?xml version="1.0" encoding="UTF-8"?>
<!-- Generated by org.testng.reporters.JUnitReportReporter -->
<testsuite skipped="0" hostname="DESKTOP-EBKSMHA" name="OtherExample.OtherExamples_findElements" tests="1" failures="0" timestamp="24 Sep 2018 15:26:09 GMT" time="0.826" errors="0">
  <testcase name="test" time="0.826" classname="OtherExample.OtherExamples_findElements"/>
</testsuite> <!-- OtherExample.OtherExamples_findElements -->
