<?xml version="1.0" encoding="UTF-8"?>
<!-- Generated by org.testng.reporters.JUnitReportReporter -->
<testsuite skipped="0" hostname="DESKTOP-EBKSMHA" name="Wait.waitForAlert" tests="1" failures="0" timestamp="18 Sep 2018 01:39:29 GMT" time="9.489" errors="0">
  <testcase name="test" time="9.489" classname="Wait.waitForAlert"/>
</testsuite> <!-- Wait.waitForAlert -->
