<?xml version="1.0" encoding="UTF-8"?>
<!-- Generated by org.testng.reporters.JUnitReportReporter -->
<testsuite skipped="0" hostname="DESKTOP-EBKSMHA" name="P_2_BasicActionCommands_02.NavigatingBackAndForward" tests="1" failures="0" timestamp="09 Oct 2018 02:09:35 GMT" time="5.547" errors="0">
  <testcase name="test" time="5.547" classname="P_2_BasicActionCommands_02.NavigatingBackAndForward"/>
</testsuite> <!-- P_2_BasicActionCommands_02.NavigatingBackAndForward -->
