<?xml version="1.0" encoding="UTF-8"?>
<!-- Generated by org.testng.reporters.JUnitReportReporter -->
<testsuite skipped="0" hostname="DESKTOP-EBKSMHA" name="OtherExample.custom_profile" tests="1" failures="0" timestamp="24 Sep 2018 19:08:23 GMT" time="4.217" errors="0">
  <testcase name="OpenURL" time="4.217" classname="OtherExample.custom_profile"/>
</testsuite> <!-- OtherExample.custom_profile -->
