<?xml version="1.0" encoding="UTF-8"?>
<!-- Generated by org.testng.reporters.JUnitReportReporter -->
<testsuite skipped="0" hostname="DESKTOP-EBKSMHA" name="TestNG.getDriverTitle" tests="1" failures="0" timestamp="18 Sep 2018 03:12:49 GMT" time="9.559" errors="0">
  <testcase name="testmethodone" time="9.559" classname="TestNG.getDriverTitle"/>
</testsuite> <!-- TestNG.getDriverTitle -->
