<?xml version="1.0" encoding="UTF-8"?>
<!-- Generated by org.testng.reporters.JUnitReportReporter -->
<testsuite skipped="0" hostname="DESKTOP-EBKSMHA" name="P_2_BasicActionCommands_02.ReadingFontPropertiesUsinggetCssValue" tests="1" failures="0" timestamp="09 Oct 2018 03:19:13 GMT" time="0.184" errors="0">
  <testcase name="readFontProperty" time="0.184" classname="P_2_BasicActionCommands_02.ReadingFontPropertiesUsinggetCssValue"/>
</testsuite> <!-- P_2_BasicActionCommands_02.ReadingFontPropertiesUsinggetCssValue -->
