<?xml version="1.0" encoding="UTF-8"?>
<!-- Generated by org.testng.reporters.JUnitReportReporter -->
<testsuite skipped="0" hostname="DESKTOP-EBKSMHA" name="LocatingWebElement.ByLinkText" tests="1" failures="0" timestamp="17 Sep 2018 21:25:37 GMT" time="2.445" errors="0">
  <testcase name="test" time="2.445" classname="LocatingWebElement.ByLinkText"/>
</testsuite> <!-- LocatingWebElement.ByLinkText -->
