<?xml version="1.0" encoding="UTF-8"?>
<!-- Generated by org.testng.reporters.JUnitReportReporter -->
<testsuite skipped="0" hostname="DESKTOP-EBKSMHA" name="P_2_BasicActionCommands_02.SelectOptionByValueOrByIndex" tests="1" failures="0" timestamp="09 Oct 2018 01:46:01 GMT" time="12.828" errors="0">
  <testcase name="test" time="12.828" classname="P_2_BasicActionCommands_02.SelectOptionByValueOrByIndex"/>
</testsuite> <!-- P_2_BasicActionCommands_02.SelectOptionByValueOrByIndex -->
