<?xml version="1.0" encoding="UTF-8"?>
<!-- Generated by org.testng.reporters.JUnitReportReporter -->
<testsuite skipped="0" hostname="DESKTOP-EBKSMHA" name="P_2_BasicActionCommands_02.GetDomainName" tests="1" failures="0" timestamp="09 Oct 2018 01:35:00 GMT" time="0.055" errors="0">
  <testcase name="test" time="0.055" classname="P_2_BasicActionCommands_02.GetDomainName"/>
</testsuite> <!-- P_2_BasicActionCommands_02.GetDomainName -->
