<?xml version="1.0" encoding="UTF-8"?>
<!-- Generated by org.testng.reporters.JUnitReportReporter -->
<testsuite skipped="0" hostname="DESKTOP-EBKSMHA" name="TestNGThreePack.ClassOne" tests="2" failures="0" timestamp="24 Sep 2018 04:05:12 GMT" time="0.025" errors="0">
  <testcase name="testmethodone" time="0.013" classname="TestNGThreePack.ClassOne"/>
  <testcase name="testmethodone" time="0.012" classname="TestNGThreePack.ClassOne"/>
</testsuite> <!-- TestNGThreePack.ClassOne -->
