<?xml version="1.0" encoding="UTF-8"?>
<!-- Generated by org.testng.reporters.JUnitReportReporter -->
<testsuite skipped="0" hostname="DESKTOP-EBKSMHA" name="OtherExample.HandleDynamicWebTable" tests="1" failures="0" timestamp="24 Sep 2018 16:47:33 GMT" time="0.414" errors="0">
  <testcase name="Handle_Dynamic_Webtable" time="0.414" classname="OtherExample.HandleDynamicWebTable"/>
</testsuite> <!-- OtherExample.HandleDynamicWebTable -->
