<?xml version="1.0" encoding="UTF-8"?>
<!-- Generated by org.testng.reporters.JUnitReportReporter -->
<testsuite skipped="0" hostname="DESKTOP-EBKSMHA" name="webDriverBasicActionCommands.selectDropdownValues" tests="1" failures="0" timestamp="09 Oct 2018 01:49:21 GMT" time="12.199" errors="0">
  <testcase name="test" time="12.199" classname="webDriverBasicActionCommands.selectDropdownValues"/>
</testsuite> <!-- webDriverBasicActionCommands.selectDropdownValues -->
