<?xml version="1.0" encoding="UTF-8"?>
<!-- Generated by org.testng.reporters.JUnitReportReporter -->
<testsuite skipped="0" hostname="DESKTOP-EBKSMHA" name="P_2_BasicActionCommands_02.TypingTextInToTextbox" tests="1" failures="0" timestamp="09 Oct 2018 01:10:39 GMT" time="0.120" errors="0">
  <testcase name="test" time="0.120" classname="P_2_BasicActionCommands_02.TypingTextInToTextbox"/>
</testsuite> <!-- P_2_BasicActionCommands_02.TypingTextInToTextbox -->
