<?xml version="1.0" encoding="UTF-8"?>
<!-- Generated by org.testng.reporters.JUnitReportReporter -->
<testsuite skipped="0" hostname="DESKTOP-EBKSMHA" name="openBrowsers.openChromeTestNG" tests="1" failures="0" timestamp="17 Sep 2018 12:48:56 GMT" time="7.646" errors="0">
  <testcase name="testmethodone" time="7.646" classname="openBrowsers.openChromeTestNG"/>
</testsuite> <!-- openBrowsers.openChromeTestNG -->
