<?xml version="1.0" encoding="UTF-8"?>
<!-- Generated by org.testng.reporters.JUnitReportReporter -->
<testsuite skipped="0" hostname="DESKTOP-EBKSMHA" name="P_2_BasicActionCommands_02.DeselectingValueFromDropdownOrListbox" tests="2" failures="0" timestamp="09 Oct 2018 02:02:03 GMT" time="14.463" errors="0">
  <testcase name="test_02" time="7.400" classname="P_2_BasicActionCommands_02.DeselectingValueFromDropdownOrListbox"/>
  <testcase name="test" time="7.063" classname="P_2_BasicActionCommands_02.DeselectingValueFromDropdownOrListbox"/>
</testsuite> <!-- P_2_BasicActionCommands_02.DeselectingValueFromDropdownOrListbox -->
