<?xml version="1.0" encoding="UTF-8"?>
<!-- Generated by org.testng.reporters.JUnitReportReporter -->
<testsuite skipped="0" hostname="DESKTOP-EBKSMHA" name="webDriverBasicActionCommands.getDomainNameUsingJavascriptExecutor" tests="1" failures="0" timestamp="08 Oct 2018 22:41:03 GMT" time="0.053" errors="0">
  <testcase name="test" time="0.053" classname="webDriverBasicActionCommands.getDomainNameUsingJavascriptExecutor"/>
</testsuite> <!-- webDriverBasicActionCommands.getDomainNameUsingJavascriptExecutor -->
