<?xml version="1.0" encoding="UTF-8"?>
<!-- Generated by org.testng.reporters.JUnitReportReporter -->
<testsuite skipped="0" hostname="DESKTOP-EBKSMHA" name="P_2_BasicActionCommands_02.GetPageTitle" tests="1" failures="0" timestamp="09 Oct 2018 01:19:24 GMT" time="2.514" errors="0">
  <testcase name="test" time="2.514" classname="P_2_BasicActionCommands_02.GetPageTitle"/>
</testsuite> <!-- P_2_BasicActionCommands_02.GetPageTitle -->
