<?xml version="1.0" encoding="UTF-8"?>
<!-- Generated by org.testng.reporters.JUnitReportReporter -->
<testsuite skipped="0" hostname="DESKTOP-EBKSMHA" name="P_2_BasicActionCommands_02.DeselectOptionByVisibleTextOrValueOrByIndex" tests="1" failures="0" timestamp="09 Oct 2018 02:05:50 GMT" time="10.220" errors="0">
  <testcase name="test" time="10.220" classname="P_2_BasicActionCommands_02.DeselectOptionByVisibleTextOrValueOrByIndex"/>
</testsuite> <!-- P_2_BasicActionCommands_02.DeselectOptionByVisibleTextOrValueOrByIndex -->
