<?xml version="1.0" encoding="UTF-8"?>
<!-- Generated by org.testng.reporters.JUnitReportReporter -->
<testsuite skipped="0" hostname="DESKTOP-EBKSMHA" name="webDriverBasicActionCommands.generatingAlertUsingJavascriptExecutor" tests="1" failures="0" timestamp="08 Oct 2018 22:37:43 GMT" time="2.177" errors="0">
  <testcase name="test" time="2.177" classname="webDriverBasicActionCommands.generatingAlertUsingJavascriptExecutor"/>
</testsuite> <!-- webDriverBasicActionCommands.generatingAlertUsingJavascriptExecutor -->
