<?xml version="1.0" encoding="UTF-8"?>
<!-- Generated by org.testng.reporters.JUnitReportReporter -->
<testsuite skipped="0" hostname="DESKTOP-EBKSMHA" name="webDriverBasicActionCommands.creatingNewInstanceOfFirefoxDriver" tests="1" failures="0" timestamp="08 Oct 2018 22:04:31 GMT" time="0.121" errors="0">
  <testcase name="test" time="0.121" classname="webDriverBasicActionCommands.creatingNewInstanceOfFirefoxDriver"/>
</testsuite> <!-- webDriverBasicActionCommands.creatingNewInstanceOfFirefoxDriver -->
