<?xml version="1.0" encoding="UTF-8"?>
<!-- Generated by org.testng.reporters.JUnitReportReporter -->
<testsuite skipped="0" hostname="DESKTOP-EBKSMHA" name="TestNGTwoPack.ClassTwo" tests="2" failures="0" timestamp="24 Sep 2018 04:05:12 GMT" time="3.826" errors="0">
  <testcase name="testmethodone" time="1.295" classname="TestNGTwoPack.ClassTwo"/>
  <testcase name="testmethodone" time="2.531" classname="TestNGTwoPack.ClassTwo"/>
</testsuite> <!-- TestNGTwoPack.ClassTwo -->
