<?xml version="1.0" encoding="UTF-8"?>
<!-- Generated by org.testng.reporters.JUnitReportReporter -->
<testsuite skipped="0" hostname="DESKTOP-EBKSMHA" name="Wait.waitForElementInvisible" tests="1" failures="0" timestamp="18 Sep 2018 02:02:55 GMT" time="7.958" errors="0">
  <testcase name="test" time="7.958" classname="Wait.waitForElementInvisible"/>
</testsuite> <!-- Wait.waitForElementInvisible -->
