<?xml version="1.0" encoding="UTF-8"?>
<!-- Generated by org.testng.reporters.JUnitReportReporter -->
<testsuite skipped="0" hostname="DESKTOP-EBKSMHA" name="TestNG.classOne" tests="1" failures="0" timestamp="18 Sep 2018 04:40:39 GMT" time="0.018" errors="0">
  <testcase name="testmethodone" time="0.018" classname="TestNG.classOne"/>
</testsuite> <!-- TestNG.classOne -->
