<?xml version="1.0" encoding="UTF-8"?>
<!-- Generated by org.testng.reporters.JUnitReportReporter -->
<testsuite skipped="0" hostname="DESKTOP-EBKSMHA" name="LocatingWebElement.byXPath" tests="1" failures="0" timestamp="17 Sep 2018 21:42:00 GMT" time="0.077" errors="0">
  <testcase name="test" time="0.077" classname="LocatingWebElement.byXPath"/>
</testsuite> <!-- LocatingWebElement.byXPath -->
